<?xml version="1.0" ?>
<coverage branch-rate="0" branches-covered="0" branches-valid="0" complexity="0" line-rate="0.9434" lines-covered="1467" lines-valid="1555" timestamp="1588305814333" version="4.5.4">
	<!-- Generated by coverage.py: https://coverage.readthedocs.io -->
	<!-- Based on https://raw.githubusercontent.com/cobertura/web/master/htdocs/xml/coverage-04.dtd -->
	<sources>
		<source>/Users/neil/src/github.com/dahlke/terrasnek</source>
	</sources>
	<packages>
		<package branch-rate="0" complexity="0" line-rate="0.896" name="terrasnek">
			<classes>
				<class branch-rate="0" complexity="0" filename="terrasnek/__init__.py" line-rate="1" name="__init__.py">
					<methods/>
					<lines>
						<line hits="1" number="1"/>
					</lines>
				</class>
				<class branch-rate="0" complexity="0" filename="terrasnek/_constants.py" line-rate="1" name="_constants.py">
					<methods/>
					<lines>
						<line hits="1" number="5"/>
					</lines>
				</class>
				<class branch-rate="0" complexity="0" filename="terrasnek/admin_orgs.py" line-rate="0.6154" name="admin_orgs.py">
					<methods/>
					<lines>
						<line hits="1" number="5"/>
						<line hits="1" number="7"/>
						<line hits="1" number="14"/>
						<line hits="1" number="15"/>
						<line hits="1" number="16"/>
						<line hits="1" number="18"/>
						<line hits="0" number="22"/>
						<line hits="0" number="23"/>
						<line hits="1" number="25"/>
						<line hits="0" number="31"/>
						<line hits="1" number="33"/>
						<line hits="0" number="37"/>
						<line hits="0" number="38"/>
					</lines>
				</class>
				<class branch-rate="0" complexity="0" filename="terrasnek/admin_users.py" line-rate="0.4118" name="admin_users.py">
					<methods/>
					<lines>
						<line hits="1" number="5"/>
						<line hits="1" number="8"/>
						<line hits="1" number="15"/>
						<line hits="1" number="16"/>
						<line hits="1" number="17"/>
						<line hits="1" number="19"/>
						<line hits="0" number="27"/>
						<line hits="0" number="28"/>
						<line hits="1" number="30"/>
						<line hits="0" number="39"/>
						<line hits="0" number="40"/>
						<line hits="1" number="42"/>
						<line hits="0" number="47"/>
						<line hits="0" number="48"/>
						<line hits="1" number="50"/>
						<line hits="0" number="59"/>
						<line hits="0" number="60"/>
						<line hits="1" number="62"/>
						<line hits="0" number="70"/>
						<line hits="0" number="71"/>
						<line hits="0" number="72"/>
						<line hits="0" number="74"/>
						<line hits="1" number="76"/>
						<line hits="0" number="80"/>
						<line hits="0" number="81"/>
						<line hits="1" number="83"/>
						<line hits="0" number="90"/>
						<line hits="0" number="91"/>
						<line hits="1" number="93"/>
						<line hits="0" number="105"/>
						<line hits="0" number="106"/>
						<line hits="1" number="108"/>
						<line hits="0" number="115"/>
						<line hits="0" number="116"/>
					</lines>
				</class>
				<class branch-rate="0" complexity="0" filename="terrasnek/api.py" line-rate="0.9897" name="api.py">
					<methods/>
					<lines>
						<line hits="1" number="6"/>
						<line hits="1" number="9"/>
						<line hits="1" number="11"/>
						<line hits="1" number="13"/>
						<line hits="1" number="14"/>
						<line hits="1" number="16"/>
						<line hits="1" number="17"/>
						<line hits="1" number="18"/>
						<line hits="1" number="19"/>
						<line hits="1" number="20"/>
						<line hits="1" number="21"/>
						<line hits="1" number="22"/>
						<line hits="1" number="23"/>
						<line hits="1" number="24"/>
						<line hits="1" number="25"/>
						<line hits="1" number="26"/>
						<line hits="1" number="27"/>
						<line hits="1" number="28"/>
						<line hits="1" number="29"/>
						<line hits="1" number="30"/>
						<line hits="1" number="31"/>
						<line hits="1" number="32"/>
						<line hits="1" number="33"/>
						<line hits="1" number="34"/>
						<line hits="1" number="35"/>
						<line hits="1" number="36"/>
						<line hits="1" number="37"/>
						<line hits="1" number="38"/>
						<line hits="1" number="39"/>
						<line hits="1" number="41"/>
						<line hits="1" number="42"/>
						<line hits="1" number="46"/>
						<line hits="1" number="50"/>
						<line hits="1" number="55"/>
						<line hits="1" number="56"/>
						<line hits="0" number="57"/>
						<line hits="1" number="59"/>
						<line hits="1" number="60"/>
						<line hits="1" number="61"/>
						<line hits="1" number="63"/>
						<line hits="1" number="64"/>
						<line hits="1" number="69"/>
						<line hits="1" number="74"/>
						<line hits="1" number="75"/>
						<line hits="1" number="76"/>
						<line hits="1" number="77"/>
						<line hits="1" number="78"/>
						<line hits="1" number="79"/>
						<line hits="1" number="80"/>
						<line hits="1" number="81"/>
						<line hits="1" number="82"/>
						<line hits="1" number="83"/>
						<line hits="1" number="84"/>
						<line hits="1" number="85"/>
						<line hits="1" number="86"/>
						<line hits="1" number="87"/>
						<line hits="1" number="88"/>
						<line hits="1" number="89"/>
						<line hits="1" number="90"/>
						<line hits="1" number="91"/>
						<line hits="1" number="92"/>
						<line hits="1" number="93"/>
						<line hits="1" number="94"/>
						<line hits="1" number="95"/>
						<line hits="1" number="96"/>
						<line hits="1" number="97"/>
						<line hits="1" number="98"/>
						<line hits="1" number="100"/>
						<line hits="1" number="105"/>
						<line hits="1" number="108"/>
						<line hits="1" number="113"/>
						<line hits="1" number="116"/>
						<line hits="1" number="122"/>
						<line hits="1" number="128"/>
						<line hits="1" number="134"/>
						<line hits="1" number="140"/>
						<line hits="1" number="146"/>
						<line hits="1" number="152"/>
						<line hits="1" number="158"/>
						<line hits="1" number="164"/>
						<line hits="1" number="170"/>
						<line hits="1" number="176"/>
						<line hits="1" number="182"/>
						<line hits="1" number="188"/>
						<line hits="1" number="194"/>
						<line hits="1" number="200"/>
						<line hits="1" number="206"/>
						<line hits="1" number="212"/>
						<line hits="1" number="218"/>
						<line hits="1" number="224"/>
						<line hits="1" number="230"/>
						<line hits="1" number="236"/>
						<line hits="1" number="242"/>
						<line hits="1" number="248"/>
						<line hits="1" number="254"/>
						<line hits="1" number="260"/>
						<line hits="1" number="267"/>
					</lines>
				</class>
				<class branch-rate="0" complexity="0" filename="terrasnek/applies.py" line-rate="1" name="applies.py">
					<methods/>
					<lines>
						<line hits="1" number="5"/>
						<line hits="1" number="7"/>
						<line hits="1" number="14"/>
						<line hits="1" number="15"/>
						<line hits="1" number="16"/>
						<line hits="1" number="18"/>
						<line hits="1" number="25"/>
						<line hits="1" number="26"/>
					</lines>
				</class>
				<class branch-rate="0" complexity="0" filename="terrasnek/config_versions.py" line-rate="0.8929" name="config_versions.py">
					<methods/>
					<lines>
						<line hits="1" number="5"/>
						<line hits="1" number="7"/>
						<line hits="1" number="16"/>
						<line hits="1" number="17"/>
						<line hits="1" number="18"/>
						<line hits="1" number="19"/>
						<line hits="1" number="21"/>
						<line hits="1" number="29"/>
						<line hits="1" number="31"/>
						<line hits="1" number="32"/>
						<line hits="0" number="33"/>
						<line hits="1" number="35"/>
						<line hits="0" number="36"/>
						<line hits="1" number="38"/>
						<line hits="0" number="39"/>
						<line hits="1" number="41"/>
						<line hits="1" number="43"/>
						<line hits="1" number="47"/>
						<line hits="1" number="48"/>
						<line hits="1" number="50"/>
						<line hits="1" number="59"/>
						<line hits="1" number="60"/>
						<line hits="1" number="62"/>
						<line hits="1" number="67"/>
						<line hits="1" number="68"/>
						<line hits="1" number="69"/>
						<line hits="1" number="70"/>
						<line hits="1" number="72"/>
					</lines>
				</class>
				<class branch-rate="0" complexity="0" filename="terrasnek/endpoint.py" line-rate="0.8846" name="endpoint.py">
					<methods/>
					<lines>
						<line hits="1" number="5"/>
						<line hits="1" number="6"/>
						<line hits="1" number="7"/>
						<line hits="1" number="11"/>
						<line hits="1" number="12"/>
						<line hits="1" number="13"/>
						<line hits="1" number="14"/>
						<line hits="1" number="16"/>
						<line hits="1" number="21"/>
						<line hits="1" number="22"/>
						<line hits="1" number="23"/>
						<line hits="1" number="24"/>
						<line hits="1" number="25"/>
						<line hits="1" number="26"/>
						<line hits="1" number="27"/>
						<line hits="1" number="29"/>
						<line hits="1" number="30"/>
						<line hits="1" number="31"/>
						<line hits="1" number="34"/>
						<line hits="1" number="35"/>
						<line hits="0" number="37"/>
						<line hits="0" number="38"/>
						<line hits="1" number="40"/>
						<line hits="1" number="42"/>
						<line hits="1" number="43"/>
						<line hits="1" number="44"/>
						<line hits="1" number="46"/>
						<line hits="1" number="47"/>
						<line hits="1" number="48"/>
						<line hits="1" number="49"/>
						<line hits="1" number="50"/>
						<line hits="0" number="52"/>
						<line hits="0" number="53"/>
						<line hits="1" number="55"/>
						<line hits="1" number="57"/>
						<line hits="1" number="58"/>
						<line hits="1" number="59"/>
						<line hits="1" number="61"/>
						<line hits="1" number="62"/>
						<line hits="0" number="64"/>
						<line hits="0" number="65"/>
						<line hits="1" number="67"/>
						<line hits="1" number="69"/>
						<line hits="1" number="70"/>
						<line hits="1" number="71"/>
						<line hits="1" number="74"/>
						<line hits="1" number="75"/>
						<line hits="1" number="76"/>
						<line hits="1" number="77"/>
						<line hits="1" number="78"/>
						<line hits="0" number="80"/>
						<line hits="0" number="81"/>
						<line hits="1" number="83"/>
						<line hits="1" number="85"/>
						<line hits="1" number="86"/>
						<line hits="1" number="88"/>
						<line hits="1" number="89"/>
						<line hits="1" number="90"/>
						<line hits="1" number="91"/>
						<line hits="1" number="93"/>
						<line hits="1" number="96"/>
						<line hits="1" number="97"/>
						<line hits="1" number="98"/>
						<line hits="1" number="99"/>
						<line hits="0" number="101"/>
						<line hits="0" number="102"/>
						<line hits="1" number="104"/>
						<line hits="1" number="106"/>
						<line hits="1" number="110"/>
						<line hits="1" number="112"/>
						<line hits="1" number="116"/>
						<line hits="1" number="118"/>
						<line hits="1" number="119"/>
						<line hits="1" number="120"/>
						<line hits="0" number="122"/>
						<line hits="0" number="123"/>
						<line hits="1" number="125"/>
						<line hits="1" number="130"/>
						<line hits="1" number="132"/>
						<line hits="1" number="133"/>
						<line hits="1" number="135"/>
						<line hits="1" number="136"/>
						<line hits="1" number="137"/>
						<line hits="1" number="138"/>
						<line hits="1" number="139"/>
						<line hits="1" number="140"/>
						<line hits="1" number="141"/>
						<line hits="1" number="143"/>
						<line hits="1" number="144"/>
						<line hits="1" number="146"/>
						<line hits="1" number="147"/>
						<line hits="1" number="149"/>
						<line hits="1" number="150"/>
						<line hits="1" number="152"/>
						<line hits="1" number="153"/>
						<line hits="1" number="155"/>
						<line hits="1" number="156"/>
						<line hits="1" number="158"/>
						<line hits="1" number="159"/>
						<line hits="1" number="161"/>
						<line hits="1" number="163"/>
						<line hits="1" number="167"/>
						<line hits="1" number="169"/>
						<line hits="1" number="173"/>
					</lines>
				</class>
				<class branch-rate="0" complexity="0" filename="terrasnek/notification_configs.py" line-rate="1" name="notification_configs.py">
					<methods/>
					<lines>
						<line hits="1" number="5"/>
						<line hits="1" number="7"/>
						<line hits="1" number="17"/>
						<line hits="1" number="18"/>
						<line hits="1" number="19"/>
						<line hits="1" number="20"/>
						<line hits="1" number="22"/>
						<line hits="1" number="26"/>
						<line hits="1" number="27"/>
						<line hits="1" number="29"/>
						<line hits="1" number="33"/>
						<line hits="1" number="34"/>
						<line hits="1" number="35"/>
						<line hits="1" number="37"/>
						<line hits="1" number="41"/>
						<line hits="1" number="42"/>
						<line hits="1" number="44"/>
						<line hits="1" number="48"/>
						<line hits="1" number="49"/>
						<line hits="1" number="51"/>
						<line hits="1" number="55"/>
						<line hits="1" number="56"/>
						<line hits="1" number="58"/>
						<line hits="1" number="62"/>
						<line hits="1" number="63"/>
					</lines>
				</class>
				<class branch-rate="0" complexity="0" filename="terrasnek/oauth_clients.py" line-rate="0.7368" name="oauth_clients.py">
					<methods/>
					<lines>
						<line hits="1" number="5"/>
						<line hits="1" number="7"/>
						<line hits="1" number="14"/>
						<line hits="1" number="15"/>
						<line hits="1" number="16"/>
						<line hits="1" number="17"/>
						<line hits="1" number="19"/>
						<line hits="1" number="26"/>
						<line hits="1" number="28"/>
						<line hits="1" number="32"/>
						<line hits="1" number="33"/>
						<line hits="1" number="35"/>
						<line hits="1" number="44"/>
						<line hits="0" number="46"/>
						<line hits="0" number="53"/>
						<line hits="0" number="54"/>
						<line hits="0" number="56"/>
						<line hits="0" number="67"/>
						<line hits="1" number="68"/>
					</lines>
				</class>
				<class branch-rate="0" complexity="0" filename="terrasnek/oauth_tokens.py" line-rate="0.7778" name="oauth_tokens.py">
					<methods/>
					<lines>
						<line hits="1" number="5"/>
						<line hits="1" number="7"/>
						<line hits="1" number="16"/>
						<line hits="1" number="17"/>
						<line hits="1" number="18"/>
						<line hits="1" number="19"/>
						<line hits="1" number="21"/>
						<line hits="1" number="27"/>
						<line hits="1" number="28"/>
						<line hits="1" number="30"/>
						<line hits="1" number="34"/>
						<line hits="1" number="35"/>
						<line hits="1" number="37"/>
						<line hits="0" number="41"/>
						<line hits="0" number="42"/>
						<line hits="1" number="44"/>
						<line hits="0" number="48"/>
						<line hits="0" number="49"/>
					</lines>
				</class>
				<class branch-rate="0" complexity="0" filename="terrasnek/org_memberships.py" line-rate="1" name="org_memberships.py">
					<methods/>
					<lines>
						<line hits="1" number="5"/>
						<line hits="1" number="7"/>
						<line hits="1" number="16"/>
						<line hits="1" number="17"/>
						<line hits="1" number="18"/>
						<line hits="1" number="19"/>
						<line hits="1" number="22"/>
						<line hits="1" number="28"/>
						<line hits="1" number="30"/>
						<line hits="1" number="39"/>
						<line hits="1" number="42"/>
						<line hits="1" number="48"/>
						<line hits="1" number="50"/>
						<line hits="1" number="57"/>
						<line hits="1" number="58"/>
						<line hits="1" number="60"/>
						<line hits="1" number="67"/>
						<line hits="1" number="68"/>
					</lines>
				</class>
				<class branch-rate="0" complexity="0" filename="terrasnek/org_tokens.py" line-rate="1" name="org_tokens.py">
					<methods/>
					<lines>
						<line hits="1" number="5"/>
						<line hits="1" number="7"/>
						<line hits="1" number="15"/>
						<line hits="1" number="16"/>
						<line hits="1" number="17"/>
						<line hits="1" number="19"/>
						<line hits="1" number="25"/>
						<line hits="1" number="27"/>
						<line hits="1" number="33"/>
						<line hits="1" number="34"/>
					</lines>
				</class>
				<class branch-rate="0" complexity="0" filename="terrasnek/orgs.py" line-rate="0.6667" name="orgs.py">
					<methods/>
					<lines>
						<line hits="1" number="5"/>
						<line hits="1" number="7"/>
						<line hits="1" number="14"/>
						<line hits="1" number="15"/>
						<line hits="1" number="16"/>
						<line hits="1" number="18"/>
						<line hits="1" number="22"/>
						<line hits="1" number="24"/>
						<line hits="1" number="28"/>
						<line hits="1" number="29"/>
						<line hits="1" number="31"/>
						<line hits="0" number="37"/>
						<line hits="0" number="38"/>
						<line hits="1" number="40"/>
						<line hits="0" number="44"/>
						<line hits="1" number="46"/>
						<line hits="0" number="50"/>
						<line hits="0" number="51"/>
						<line hits="1" number="53"/>
						<line hits="0" number="57"/>
						<line hits="0" number="58"/>
					</lines>
				</class>
				<class branch-rate="0" complexity="0" filename="terrasnek/plan_exports.py" line-rate="0.8889" name="plan_exports.py">
					<methods/>
					<lines>
						<line hits="1" number="5"/>
						<line hits="1" number="7"/>
						<line hits="1" number="16"/>
						<line hits="1" number="17"/>
						<line hits="1" number="18"/>
						<line hits="1" number="20"/>
						<line hits="1" number="30"/>
						<line hits="1" number="32"/>
						<line hits="1" number="39"/>
						<line hits="1" number="40"/>
						<line hits="1" number="42"/>
						<line hits="1" number="51"/>
						<line hits="1" number="52"/>
						<line hits="1" number="53"/>
						<line hits="1" number="54"/>
						<line hits="1" number="56"/>
						<line hits="0" number="63"/>
						<line hits="0" number="64"/>
					</lines>
				</class>
				<class branch-rate="0" complexity="0" filename="terrasnek/plans.py" line-rate="1" name="plans.py">
					<methods/>
					<lines>
						<line hits="1" number="5"/>
						<line hits="1" number="8"/>
						<line hits="1" number="15"/>
						<line hits="1" number="16"/>
						<line hits="1" number="17"/>
						<line hits="1" number="19"/>
						<line hits="1" number="23"/>
						<line hits="1" number="24"/>
					</lines>
				</class>
				<class branch-rate="0" complexity="0" filename="terrasnek/policies.py" line-rate="1" name="policies.py">
					<methods/>
					<lines>
						<line hits="1" number="5"/>
						<line hits="1" number="7"/>
						<line hits="1" number="16"/>
						<line hits="1" number="17"/>
						<line hits="1" number="18"/>
						<line hits="1" number="19"/>
						<line hits="1" number="21"/>
						<line hits="1" number="28"/>
						<line hits="1" number="30"/>
						<line hits="1" number="37"/>
						<line hits="1" number="40"/>
						<line hits="1" number="44"/>
						<line hits="1" number="45"/>
						<line hits="1" number="47"/>
						<line hits="1" number="51"/>
						<line hits="1" number="52"/>
						<line hits="1" number="54"/>
						<line hits="1" number="58"/>
						<line hits="1" number="59"/>
						<line hits="1" number="61"/>
						<line hits="1" number="65"/>
						<line hits="1" number="66"/>
					</lines>
				</class>
				<class branch-rate="0" complexity="0" filename="terrasnek/policy_set_params.py" line-rate="1" name="policy_set_params.py">
					<methods/>
					<lines>
						<line hits="1" number="6"/>
						<line hits="1" number="8"/>
						<line hits="1" number="13"/>
						<line hits="1" number="14"/>
						<line hits="1" number="15"/>
						<line hits="1" number="17"/>
						<line hits="1" number="21"/>
						<line hits="1" number="22"/>
						<line hits="1" number="24"/>
						<line hits="1" number="28"/>
						<line hits="1" number="29"/>
						<line hits="1" number="31"/>
						<line hits="1" number="35"/>
						<line hits="1" number="36"/>
						<line hits="1" number="38"/>
						<line hits="1" number="42"/>
						<line hits="1" number="43"/>
					</lines>
				</class>
				<class branch-rate="0" complexity="0" filename="terrasnek/policy_sets.py" line-rate="1" name="policy_sets.py">
					<methods/>
					<lines>
						<line hits="1" number="5"/>
						<line hits="1" number="7"/>
						<line hits="1" number="23"/>
						<line hits="1" number="24"/>
						<line hits="1" number="25"/>
						<line hits="1" number="26"/>
						<line hits="1" number="28"/>
						<line hits="1" number="32"/>
						<line hits="1" number="34"/>
						<line hits="1" number="41"/>
						<line hits="1" number="44"/>
						<line hits="1" number="48"/>
						<line hits="1" number="49"/>
						<line hits="1" number="51"/>
						<line hits="1" number="55"/>
						<line hits="1" number="56"/>
						<line hits="1" number="58"/>
						<line hits="1" number="62"/>
						<line hits="1" number="63"/>
						<line hits="1" number="65"/>
						<line hits="1" number="69"/>
						<line hits="1" number="70"/>
						<line hits="1" number="72"/>
						<line hits="1" number="76"/>
						<line hits="1" number="77"/>
						<line hits="1" number="79"/>
						<line hits="1" number="83"/>
						<line hits="1" number="84"/>
						<line hits="1" number="86"/>
						<line hits="1" number="90"/>
						<line hits="1" number="91"/>
						<line hits="1" number="93"/>
						<line hits="1" number="104"/>
					</lines>
				</class>
				<class branch-rate="0" complexity="0" filename="terrasnek/run_triggers.py" line-rate="1" name="run_triggers.py">
					<methods/>
					<lines>
						<line hits="1" number="5"/>
						<line hits="1" number="7"/>
						<line hits="1" number="11"/>
						<line hits="1" number="12"/>
						<line hits="1" number="13"/>
						<line hits="1" number="14"/>
						<line hits="1" number="16"/>
						<line hits="1" number="20"/>
						<line hits="1" number="21"/>
						<line hits="1" number="23"/>
						<line hits="1" number="27"/>
						<line hits="1" number="28"/>
						<line hits="1" number="30"/>
						<line hits="1" number="34"/>
						<line hits="1" number="35"/>
						<line hits="1" number="37"/>
						<line hits="1" number="41"/>
						<line hits="1" number="42"/>
					</lines>
				</class>
				<class branch-rate="0" complexity="0" filename="terrasnek/runs.py" line-rate="0.8621" name="runs.py">
					<methods/>
					<lines>
						<line hits="1" number="5"/>
						<line hits="1" number="7"/>
						<line hits="1" number="22"/>
						<line hits="1" number="23"/>
						<line hits="1" number="24"/>
						<line hits="1" number="25"/>
						<line hits="1" number="27"/>
						<line hits="1" number="34"/>
						<line hits="1" number="35"/>
						<line hits="1" number="37"/>
						<line hits="1" number="43"/>
						<line hits="1" number="44"/>
						<line hits="1" number="46"/>
						<line hits="1" number="54"/>
						<line hits="1" number="56"/>
						<line hits="1" number="72"/>
						<line hits="1" number="73"/>
						<line hits="1" number="75"/>
						<line hits="1" number="89"/>
						<line hits="1" number="90"/>
						<line hits="1" number="92"/>
						<line hits="1" number="107"/>
						<line hits="1" number="108"/>
						<line hits="1" number="110"/>
						<line hits="0" number="129"/>
						<line hits="0" number="130"/>
						<line hits="1" number="132"/>
						<line hits="0" number="148"/>
						<line hits="0" number="149"/>
					</lines>
				</class>
				<class branch-rate="0" complexity="0" filename="terrasnek/ssh_keys.py" line-rate="1" name="ssh_keys.py">
					<methods/>
					<lines>
						<line hits="1" number="5"/>
						<line hits="1" number="7"/>
						<line hits="1" number="27"/>
						<line hits="1" number="28"/>
						<line hits="1" number="29"/>
						<line hits="1" number="30"/>
						<line hits="1" number="32"/>
						<line hits="1" number="36"/>
						<line hits="1" number="38"/>
						<line hits="1" number="42"/>
						<line hits="1" number="44"/>
						<line hits="1" number="48"/>
						<line hits="1" number="49"/>
						<line hits="1" number="51"/>
						<line hits="1" number="55"/>
						<line hits="1" number="56"/>
						<line hits="1" number="58"/>
						<line hits="1" number="62"/>
						<line hits="1" number="63"/>
					</lines>
				</class>
				<class branch-rate="0" complexity="0" filename="terrasnek/state_version_outputs.py" line-rate="1" name="state_version_outputs.py">
					<methods/>
					<lines>
						<line hits="1" number="5"/>
						<line hits="1" number="7"/>
						<line hits="1" number="16"/>
						<line hits="1" number="17"/>
						<line hits="1" number="18"/>
						<line hits="1" number="20"/>
						<line hits="1" number="28"/>
						<line hits="1" number="29"/>
					</lines>
				</class>
				<class branch-rate="0" complexity="0" filename="terrasnek/state_versions.py" line-rate="1" name="state_versions.py">
					<methods/>
					<lines>
						<line hits="1" number="5"/>
						<line hits="1" number="7"/>
						<line hits="1" number="12"/>
						<line hits="1" number="13"/>
						<line hits="1" number="14"/>
						<line hits="1" number="15"/>
						<line hits="1" number="17"/>
						<line hits="1" number="26"/>
						<line hits="1" number="27"/>
						<line hits="1" number="29"/>
						<line hits="1" number="36"/>
						<line hits="1" number="37"/>
						<line hits="1" number="39"/>
						<line hits="1" number="46"/>
						<line hits="1" number="47"/>
						<line hits="1" number="49"/>
						<line hits="1" number="53"/>
						<line hits="1" number="54"/>
					</lines>
				</class>
				<class branch-rate="0" complexity="0" filename="terrasnek/team_access.py" line-rate="1" name="team_access.py">
					<methods/>
					<lines>
						<line hits="1" number="5"/>
						<line hits="1" number="7"/>
						<line hits="1" number="16"/>
						<line hits="1" number="17"/>
						<line hits="1" number="18"/>
						<line hits="1" number="20"/>
						<line hits="1" number="24"/>
						<line hits="1" number="26"/>
						<line hits="1" number="30"/>
						<line hits="1" number="32"/>
						<line hits="1" number="36"/>
						<line hits="1" number="37"/>
						<line hits="1" number="39"/>
						<line hits="1" number="43"/>
						<line hits="1" number="44"/>
					</lines>
				</class>
				<class branch-rate="0" complexity="0" filename="terrasnek/team_memberships.py" line-rate="1" name="team_memberships.py">
					<methods/>
					<lines>
						<line hits="1" number="5"/>
						<line hits="1" number="7"/>
						<line hits="1" number="15"/>
						<line hits="1" number="16"/>
						<line hits="1" number="17"/>
						<line hits="1" number="19"/>
						<line hits="1" number="25"/>
						<line hits="1" number="26"/>
						<line hits="1" number="28"/>
						<line hits="1" number="35"/>
						<line hits="1" number="36"/>
					</lines>
				</class>
				<class branch-rate="0" complexity="0" filename="terrasnek/team_tokens.py" line-rate="1" name="team_tokens.py">
					<methods/>
					<lines>
						<line hits="1" number="5"/>
						<line hits="1" number="7"/>
						<line hits="1" number="15"/>
						<line hits="1" number="16"/>
						<line hits="1" number="17"/>
						<line hits="1" number="19"/>
						<line hits="1" number="25"/>
						<line hits="1" number="26"/>
						<line hits="1" number="27"/>
						<line hits="1" number="30"/>
						<line hits="1" number="34"/>
						<line hits="1" number="35"/>
					</lines>
				</class>
				<class branch-rate="0" complexity="0" filename="terrasnek/teams.py" line-rate="1" name="teams.py">
					<methods/>
					<lines>
						<line hits="1" number="5"/>
						<line hits="1" number="7"/>
						<line hits="1" number="17"/>
						<line hits="1" number="18"/>
						<line hits="1" number="19"/>
						<line hits="1" number="20"/>
						<line hits="1" number="22"/>
						<line hits="1" number="26"/>
						<line hits="1" number="28"/>
						<line hits="1" number="32"/>
						<line hits="1" number="33"/>
						<line hits="1" number="35"/>
						<line hits="1" number="39"/>
						<line hits="1" number="41"/>
						<line hits="1" number="45"/>
						<line hits="1" number="46"/>
					</lines>
				</class>
				<class branch-rate="0" complexity="0" filename="terrasnek/user_tokens.py" line-rate="0.5556" name="user_tokens.py">
					<methods/>
					<lines>
						<line hits="1" number="5"/>
						<line hits="1" number="7"/>
						<line hits="1" number="12"/>
						<line hits="1" number="13"/>
						<line hits="1" number="14"/>
						<line hits="1" number="15"/>
						<line hits="1" number="17"/>
						<line hits="0" number="24"/>
						<line hits="0" number="25"/>
						<line hits="1" number="27"/>
						<line hits="0" number="31"/>
						<line hits="0" number="32"/>
						<line hits="1" number="34"/>
						<line hits="0" number="44"/>
						<line hits="0" number="45"/>
						<line hits="1" number="47"/>
						<line hits="0" number="55"/>
						<line hits="0" number="56"/>
					</lines>
				</class>
				<class branch-rate="0" complexity="0" filename="terrasnek/users.py" line-rate="0.75" name="users.py">
					<methods/>
					<lines>
						<line hits="1" number="5"/>
						<line hits="1" number="7"/>
						<line hits="1" number="18"/>
						<line hits="1" number="19"/>
						<line hits="1" number="20"/>
						<line hits="1" number="22"/>
						<line hits="0" number="28"/>
						<line hits="0" number="29"/>
					</lines>
				</class>
				<class branch-rate="0" complexity="0" filename="terrasnek/variables.py" line-rate="1" name="variables.py">
					<methods/>
					<lines>
						<line hits="1" number="5"/>
						<line hits="1" number="7"/>
						<line hits="1" number="13"/>
						<line hits="1" number="14"/>
						<line hits="1" number="15"/>
						<line hits="1" number="17"/>
						<line hits="1" number="21"/>
						<line hits="1" number="23"/>
						<line hits="1" number="27"/>
						<line hits="1" number="29"/>
						<line hits="1" number="30"/>
						<line hits="1" number="32"/>
						<line hits="1" number="34"/>
						<line hits="1" number="38"/>
						<line hits="1" number="39"/>
						<line hits="1" number="41"/>
						<line hits="1" number="45"/>
						<line hits="1" number="46"/>
					</lines>
				</class>
				<class branch-rate="0" complexity="0" filename="terrasnek/workspaces.py" line-rate="0.9444" name="workspaces.py">
					<methods/>
					<lines>
						<line hits="1" number="5"/>
						<line hits="1" number="7"/>
						<line hits="1" number="14"/>
						<line hits="1" number="15"/>
						<line hits="1" number="16"/>
						<line hits="1" number="17"/>
						<line hits="1" number="20"/>
						<line hits="1" number="24"/>
						<line hits="1" number="26"/>
						<line hits="1" number="34"/>
						<line hits="1" number="35"/>
						<line hits="1" number="36"/>
						<line hits="1" number="37"/>
						<line hits="0" number="39"/>
						<line hits="1" number="41"/>
						<line hits="1" number="43"/>
						<line hits="1" number="50"/>
						<line hits="1" number="51"/>
						<line hits="1" number="53"/>
						<line hits="1" number="59"/>
						<line hits="1" number="60"/>
						<line hits="1" number="62"/>
						<line hits="1" number="68"/>
						<line hits="1" number="70"/>
						<line hits="1" number="78"/>
						<line hits="1" number="79"/>
						<line hits="1" number="80"/>
						<line hits="1" number="81"/>
						<line hits="0" number="83"/>
						<line hits="1" number="85"/>
						<line hits="1" number="87"/>
						<line hits="1" number="93"/>
						<line hits="1" number="94"/>
						<line hits="1" number="96"/>
						<line hits="1" number="103"/>
						<line hits="1" number="104"/>
					</lines>
				</class>
			</classes>
		</package>
		<package branch-rate="0" complexity="0" line-rate="0.9844" name="test">
			<classes>
				<class branch-rate="0" complexity="0" filename="test/__init__.py" line-rate="0.6667" name="__init__.py">
					<methods/>
					<lines>
						<line hits="1" number="1"/>
						<line hits="1" number="3"/>
						<line hits="0" number="4"/>
					</lines>
				</class>
				<class branch-rate="0" complexity="0" filename="test/_constants.py" line-rate="0.7143" name="_constants.py">
					<methods/>
					<lines>
						<line hits="1" number="5"/>
						<line hits="1" number="6"/>
						<line hits="1" number="8"/>
						<line hits="1" number="9"/>
						<line hits="1" number="10"/>
						<line hits="1" number="11"/>
						<line hits="1" number="13"/>
						<line hits="1" number="14"/>
						<line hits="1" number="16"/>
						<line hits="1" number="17"/>
						<line hits="1" number="18"/>
						<line hits="1" number="19"/>
						<line hits="1" number="21"/>
						<line hits="0" number="22"/>
						<line hits="1" number="24"/>
						<line hits="0" number="25"/>
						<line hits="1" number="27"/>
						<line hits="0" number="28"/>
						<line hits="1" number="30"/>
						<line hits="0" number="31"/>
						<line hits="1" number="33"/>
						<line hits="0" number="34"/>
						<line hits="1" number="36"/>
						<line hits="0" number="37"/>
						<line hits="1" number="39"/>
						<line hits="0" number="40"/>
						<line hits="1" number="42"/>
						<line hits="0" number="43"/>
					</lines>
				</class>
				<class branch-rate="0" complexity="0" filename="test/applies_test.py" line-rate="0.9524" name="applies_test.py">
					<methods/>
					<lines>
						<line hits="1" number="5"/>
						<line hits="1" number="7"/>
						<line hits="1" number="10"/>
						<line hits="1" number="15"/>
						<line hits="1" number="16"/>
						<line hits="1" number="18"/>
						<line hits="1" number="19"/>
						<line hits="1" number="20"/>
						<line hits="1" number="22"/>
						<line hits="1" number="23"/>
						<line hits="1" number="24"/>
						<line hits="1" number="25"/>
						<line hits="1" number="27"/>
						<line hits="1" number="29"/>
						<line hits="1" number="37"/>
						<line hits="1" number="38"/>
						<line hits="1" number="40"/>
						<line hits="1" number="41"/>
						<line hits="1" number="42"/>
						<line hits="1" number="45"/>
						<line hits="1" number="46"/>
						<line hits="1" number="47"/>
						<line hits="1" number="49"/>
						<line hits="1" number="56"/>
						<line hits="1" number="57"/>
						<line hits="1" number="58"/>
						<line hits="1" number="59"/>
						<line hits="1" number="60"/>
						<line hits="1" number="61"/>
						<line hits="1" number="62"/>
						<line hits="1" number="65"/>
						<line hits="1" number="66"/>
						<line hits="1" number="68"/>
						<line hits="1" number="69"/>
						<line hits="0" number="70"/>
						<line hits="0" number="71"/>
						<line hits="1" number="72"/>
						<line hits="1" number="73"/>
						<line hits="1" number="76"/>
						<line hits="1" number="77"/>
						<line hits="1" number="78"/>
						<line hits="1" number="79"/>
					</lines>
				</class>
				<class branch-rate="0" complexity="0" filename="test/base.py" line-rate="0.9859" name="base.py">
					<methods/>
					<lines>
						<line hits="1" number="7"/>
						<line hits="1" number="8"/>
						<line hits="1" number="9"/>
						<line hits="1" number="10"/>
						<line hits="1" number="11"/>
						<line hits="1" number="12"/>
						<line hits="1" number="14"/>
						<line hits="1" number="16"/>
						<line hits="1" number="23"/>
						<line hits="1" number="28"/>
						<line hits="1" number="30"/>
						<line hits="1" number="31"/>
						<line hits="1" number="32"/>
						<line hits="1" number="34"/>
						<line hits="1" number="35"/>
						<line hits="1" number="36"/>
						<line hits="1" number="37"/>
						<line hits="1" number="38"/>
						<line hits="1" number="41"/>
						<line hits="1" number="42"/>
						<line hits="1" number="44"/>
						<line hits="1" number="46"/>
						<line hits="1" number="48"/>
						<line hits="1" number="50"/>
						<line hits="1" number="51"/>
						<line hits="1" number="53"/>
						<line hits="1" number="55"/>
						<line hits="1" number="65"/>
						<line hits="0" number="67"/>
						<line hits="1" number="76"/>
						<line hits="1" number="78"/>
						<line hits="1" number="96"/>
						<line hits="1" number="97"/>
						<line hits="1" number="98"/>
						<line hits="1" number="119"/>
						<line hits="1" number="121"/>
						<line hits="1" number="139"/>
						<line hits="1" number="142"/>
						<line hits="1" number="144"/>
						<line hits="1" number="145"/>
						<line hits="1" number="147"/>
						<line hits="1" number="148"/>
						<line hits="1" number="149"/>
						<line hits="1" number="151"/>
						<line hits="1" number="153"/>
						<line hits="1" number="164"/>
						<line hits="1" number="165"/>
						<line hits="1" number="167"/>
						<line hits="1" number="183"/>
						<line hits="1" number="184"/>
						<line hits="1" number="186"/>
						<line hits="1" number="195"/>
						<line hits="1" number="196"/>
						<line hits="1" number="198"/>
						<line hits="1" number="208"/>
						<line hits="1" number="209"/>
						<line hits="1" number="212"/>
						<line hits="1" number="233"/>
						<line hits="1" number="234"/>
						<line hits="1" number="237"/>
						<line hits="1" number="256"/>
						<line hits="1" number="257"/>
						<line hits="1" number="258"/>
						<line hits="1" number="268"/>
						<line hits="1" number="269"/>
						<line hits="1" number="283"/>
						<line hits="1" number="284"/>
						<line hits="1" number="285"/>
						<line hits="1" number="299"/>
						<line hits="1" number="300"/>
						<line hits="1" number="302"/>
					</lines>
				</class>
				<class branch-rate="0" complexity="0" filename="test/config_versions_test.py" line-rate="1" name="config_versions_test.py">
					<methods/>
					<lines>
						<line hits="1" number="5"/>
						<line hits="1" number="7"/>
						<line hits="1" number="10"/>
						<line hits="1" number="15"/>
						<line hits="1" number="16"/>
						<line hits="1" number="18"/>
						<line hits="1" number="20"/>
						<line hits="1" number="21"/>
						<line hits="1" number="23"/>
						<line hits="1" number="29"/>
						<line hits="1" number="33"/>
						<line hits="1" number="34"/>
						<line hits="1" number="37"/>
						<line hits="1" number="39"/>
						<line hits="1" number="42"/>
						<line hits="1" number="45"/>
						<line hits="1" number="48"/>
						<line hits="1" number="51"/>
						<line hits="1" number="54"/>
						<line hits="1" number="58"/>
						<line hits="1" number="60"/>
						<line hits="1" number="61"/>
					</lines>
				</class>
				<class branch-rate="0" complexity="0" filename="test/notification_configs_test.py" line-rate="1" name="notification_configs_test.py">
					<methods/>
					<lines>
						<line hits="1" number="5"/>
						<line hits="1" number="7"/>
						<line hits="1" number="10"/>
						<line hits="1" number="16"/>
						<line hits="1" number="17"/>
						<line hits="1" number="20"/>
						<line hits="1" number="21"/>
						<line hits="1" number="22"/>
						<line hits="1" number="24"/>
						<line hits="1" number="25"/>
						<line hits="1" number="26"/>
						<line hits="1" number="27"/>
						<line hits="1" number="30"/>
						<line hits="1" number="32"/>
						<line hits="1" number="33"/>
						<line hits="1" number="34"/>
						<line hits="1" number="36"/>
						<line hits="1" number="43"/>
						<line hits="1" number="44"/>
						<line hits="1" number="45"/>
						<line hits="1" number="48"/>
						<line hits="1" number="67"/>
						<line hits="1" number="68"/>
						<line hits="1" number="69"/>
						<line hits="1" number="72"/>
						<line hits="1" number="73"/>
						<line hits="1" number="74"/>
						<line hits="1" number="77"/>
						<line hits="1" number="78"/>
						<line hits="1" number="79"/>
						<line hits="1" number="80"/>
						<line hits="1" number="83"/>
						<line hits="1" number="84"/>
						<line hits="1" number="93"/>
						<line hits="1" number="94"/>
						<line hits="1" number="95"/>
						<line hits="1" number="96"/>
						<line hits="1" number="99"/>
						<line hits="1" number="100"/>
						<line hits="1" number="101"/>
						<line hits="1" number="102"/>
						<line hits="1" number="105"/>
						<line hits="1" number="106"/>
						<line hits="1" number="107"/>
						<line hits="1" number="108"/>
					</lines>
				</class>
				<class branch-rate="0" complexity="0" filename="test/oauth_clients_test.py" line-rate="1" name="oauth_clients_test.py">
					<methods/>
					<lines>
						<line hits="1" number="5"/>
						<line hits="1" number="8"/>
						<line hits="1" number="13"/>
						<line hits="1" number="19"/>
						<line hits="1" number="21"/>
						<line hits="1" number="22"/>
						<line hits="1" number="24"/>
						<line hits="1" number="25"/>
						<line hits="1" number="28"/>
						<line hits="1" number="29"/>
						<line hits="1" number="30"/>
						<line hits="1" number="33"/>
						<line hits="1" number="34"/>
						<line hits="1" number="35"/>
						<line hits="1" number="38"/>
						<line hits="1" number="39"/>
						<line hits="1" number="40"/>
						<line hits="1" number="41"/>
					</lines>
				</class>
				<class branch-rate="0" complexity="0" filename="test/oauth_tokens_test.py" line-rate="1" name="oauth_tokens_test.py">
					<methods/>
					<lines>
						<line hits="1" number="5"/>
						<line hits="1" number="8"/>
						<line hits="1" number="13"/>
						<line hits="1" number="14"/>
						<line hits="1" number="15"/>
						<line hits="1" number="17"/>
						<line hits="1" number="19"/>
						<line hits="1" number="21"/>
						<line hits="1" number="22"/>
						<line hits="1" number="24"/>
						<line hits="1" number="30"/>
						<line hits="1" number="32"/>
						<line hits="1" number="35"/>
						<line hits="1" number="36"/>
						<line hits="1" number="39"/>
						<line hits="1" number="40"/>
						<line hits="1" number="41"/>
					</lines>
				</class>
				<class branch-rate="0" complexity="0" filename="test/org_memberships_test.py" line-rate="1" name="org_memberships_test.py">
					<methods/>
					<lines>
						<line hits="1" number="5"/>
						<line hits="1" number="8"/>
						<line hits="1" number="15"/>
						<line hits="1" number="21"/>
						<line hits="1" number="22"/>
						<line hits="1" number="23"/>
						<line hits="1" number="29"/>
						<line hits="1" number="32"/>
						<line hits="1" number="33"/>
						<line hits="1" number="34"/>
						<line hits="1" number="35"/>
						<line hits="1" number="38"/>
						<line hits="1" number="39"/>
						<line hits="1" number="40"/>
						<line hits="1" number="41"/>
						<line hits="1" number="45"/>
						<line hits="1" number="51"/>
						<line hits="1" number="52"/>
						<line hits="1" number="54"/>
						<line hits="1" number="55"/>
						<line hits="1" number="59"/>
						<line hits="1" number="60"/>
						<line hits="1" number="61"/>
						<line hits="1" number="62"/>
					</lines>
				</class>
				<class branch-rate="0" complexity="0" filename="test/org_tokens_test.py" line-rate="1" name="org_tokens_test.py">
					<methods/>
					<lines>
						<line hits="1" number="5"/>
						<line hits="1" number="8"/>
						<line hits="1" number="13"/>
						<line hits="1" number="15"/>
						<line hits="1" number="16"/>
						<line hits="1" number="17"/>
						<line hits="1" number="18"/>
						<line hits="1" number="20"/>
						<line hits="1" number="21"/>
						<line hits="1" number="23"/>
						<line hits="1" number="27"/>
						<line hits="1" number="30"/>
						<line hits="1" number="31"/>
						<line hits="1" number="32"/>
						<line hits="1" number="35"/>
						<line hits="1" number="36"/>
					</lines>
				</class>
				<class branch-rate="0" complexity="0" filename="test/orgs_test.py" line-rate="1" name="orgs_test.py">
					<methods/>
					<lines>
						<line hits="1" number="5"/>
						<line hits="1" number="8"/>
						<line hits="1" number="13"/>
						<line hits="1" number="19"/>
					</lines>
				</class>
				<class branch-rate="0" complexity="0" filename="test/plan_exports_test.py" line-rate="0.9762" name="plan_exports_test.py">
					<methods/>
					<lines>
						<line hits="1" number="5"/>
						<line hits="1" number="6"/>
						<line hits="1" number="8"/>
						<line hits="1" number="11"/>
						<line hits="1" number="16"/>
						<line hits="1" number="18"/>
						<line hits="1" number="19"/>
						<line hits="1" number="21"/>
						<line hits="1" number="22"/>
						<line hits="1" number="24"/>
						<line hits="1" number="25"/>
						<line hits="1" number="27"/>
						<line hits="1" number="28"/>
						<line hits="1" number="31"/>
						<line hits="1" number="33"/>
						<line hits="1" number="41"/>
						<line hits="1" number="42"/>
						<line hits="1" number="44"/>
						<line hits="1" number="45"/>
						<line hits="1" number="46"/>
						<line hits="1" number="48"/>
						<line hits="1" number="49"/>
						<line hits="1" number="50"/>
						<line hits="1" number="52"/>
						<line hits="1" number="58"/>
						<line hits="1" number="59"/>
						<line hits="1" number="61"/>
						<line hits="1" number="62"/>
						<line hits="1" number="63"/>
						<line hits="1" number="64"/>
						<line hits="1" number="65"/>
						<line hits="1" number="66"/>
						<line hits="1" number="68"/>
						<line hits="1" number="70"/>
						<line hits="1" number="74"/>
						<line hits="1" number="75"/>
						<line hits="1" number="76"/>
						<line hits="1" number="80"/>
						<line hits="0" number="81"/>
						<line hits="1" number="82"/>
						<line hits="1" number="84"/>
						<line hits="1" number="85"/>
					</lines>
				</class>
				<class branch-rate="0" complexity="0" filename="test/plans_test.py" line-rate="1" name="plans_test.py">
					<methods/>
					<lines>
						<line hits="1" number="5"/>
						<line hits="1" number="7"/>
						<line hits="1" number="10"/>
						<line hits="1" number="16"/>
						<line hits="1" number="18"/>
						<line hits="1" number="19"/>
						<line hits="1" number="20"/>
						<line hits="1" number="21"/>
						<line hits="1" number="23"/>
						<line hits="1" number="24"/>
						<line hits="1" number="25"/>
						<line hits="1" number="26"/>
						<line hits="1" number="28"/>
						<line hits="1" number="30"/>
						<line hits="1" number="38"/>
						<line hits="1" number="39"/>
						<line hits="1" number="41"/>
						<line hits="1" number="42"/>
						<line hits="1" number="43"/>
						<line hits="1" number="45"/>
						<line hits="1" number="46"/>
						<line hits="1" number="47"/>
						<line hits="1" number="49"/>
						<line hits="1" number="55"/>
						<line hits="1" number="56"/>
						<line hits="1" number="58"/>
						<line hits="1" number="59"/>
						<line hits="1" number="60"/>
						<line hits="1" number="61"/>
						<line hits="1" number="62"/>
						<line hits="1" number="63"/>
						<line hits="1" number="65"/>
						<line hits="1" number="66"/>
					</lines>
				</class>
				<class branch-rate="0" complexity="0" filename="test/policies_test.py" line-rate="1" name="policies_test.py">
					<methods/>
					<lines>
						<line hits="1" number="5"/>
						<line hits="1" number="8"/>
						<line hits="1" number="13"/>
						<line hits="1" number="19"/>
						<line hits="1" number="20"/>
						<line hits="1" number="21"/>
						<line hits="1" number="24"/>
						<line hits="1" number="25"/>
						<line hits="1" number="26"/>
						<line hits="1" number="27"/>
						<line hits="1" number="28"/>
						<line hits="1" number="32"/>
						<line hits="1" number="34"/>
						<line hits="1" number="35"/>
						<line hits="1" number="38"/>
						<line hits="1" number="39"/>
						<line hits="1" number="42"/>
						<line hits="1" number="43"/>
						<line hits="1" number="44"/>
						<line hits="1" number="47"/>
						<line hits="1" number="50"/>
						<line hits="1" number="53"/>
						<line hits="1" number="54"/>
						<line hits="1" number="62"/>
						<line hits="1" number="63"/>
						<line hits="1" number="64"/>
						<line hits="1" number="65"/>
						<line hits="1" number="68"/>
						<line hits="1" number="71"/>
						<line hits="1" number="72"/>
						<line hits="1" number="73"/>
					</lines>
				</class>
				<class branch-rate="0" complexity="0" filename="test/policy_set_params_test.py" line-rate="1" name="policy_set_params_test.py">
					<methods/>
					<lines>
						<line hits="1" number="5"/>
						<line hits="1" number="8"/>
						<line hits="1" number="13"/>
						<line hits="1" number="14"/>
						<line hits="1" number="15"/>
						<line hits="1" number="16"/>
						<line hits="1" number="17"/>
						<line hits="1" number="19"/>
						<line hits="1" number="21"/>
						<line hits="1" number="23"/>
						<line hits="1" number="30"/>
						<line hits="1" number="31"/>
						<line hits="1" number="32"/>
						<line hits="1" number="35"/>
						<line hits="1" number="46"/>
						<line hits="1" number="47"/>
						<line hits="1" number="49"/>
						<line hits="1" number="50"/>
						<line hits="1" number="51"/>
						<line hits="1" number="54"/>
						<line hits="1" number="55"/>
						<line hits="1" number="67"/>
						<line hits="1" number="68"/>
						<line hits="1" number="69"/>
						<line hits="1" number="72"/>
						<line hits="1" number="73"/>
						<line hits="1" number="74"/>
						<line hits="1" number="75"/>
					</lines>
				</class>
				<class branch-rate="0" complexity="0" filename="test/policy_sets_test.py" line-rate="1" name="policy_sets_test.py">
					<methods/>
					<lines>
						<line hits="1" number="5"/>
						<line hits="1" number="8"/>
						<line hits="1" number="13"/>
						<line hits="1" number="15"/>
						<line hits="1" number="17"/>
						<line hits="1" number="18"/>
						<line hits="1" number="21"/>
						<line hits="1" number="22"/>
						<line hits="1" number="23"/>
						<line hits="1" number="24"/>
						<line hits="1" number="26"/>
						<line hits="1" number="28"/>
						<line hits="1" number="30"/>
						<line hits="1" number="32"/>
						<line hits="1" number="39"/>
						<line hits="1" number="40"/>
						<line hits="1" number="41"/>
						<line hits="1" number="44"/>
						<line hits="1" number="45"/>
						<line hits="1" number="46"/>
						<line hits="1" number="47"/>
						<line hits="1" number="48"/>
						<line hits="1" number="52"/>
						<line hits="1" number="59"/>
						<line hits="1" number="61"/>
						<line hits="1" number="62"/>
						<line hits="1" number="65"/>
						<line hits="1" number="66"/>
						<line hits="1" number="74"/>
						<line hits="1" number="75"/>
						<line hits="1" number="76"/>
						<line hits="1" number="77"/>
						<line hits="1" number="80"/>
						<line hits="1" number="85"/>
						<line hits="1" number="86"/>
						<line hits="1" number="87"/>
						<line hits="1" number="88"/>
						<line hits="1" number="91"/>
						<line hits="1" number="96"/>
						<line hits="1" number="97"/>
						<line hits="1" number="98"/>
						<line hits="1" number="99"/>
						<line hits="1" number="102"/>
						<line hits="1" number="103"/>
						<line hits="1" number="104"/>
						<line hits="1" number="105"/>
						<line hits="1" number="108"/>
						<line hits="1" number="109"/>
						<line hits="1" number="110"/>
						<line hits="1" number="111"/>
						<line hits="1" number="114"/>
						<line hits="1" number="117"/>
						<line hits="1" number="118"/>
						<line hits="1" number="119"/>
						<line hits="1" number="122"/>
						<line hits="1" number="128"/>
					</lines>
				</class>
				<class branch-rate="0" complexity="0" filename="test/run_triggers_test.py" line-rate="1" name="run_triggers_test.py">
					<methods/>
					<lines>
						<line hits="1" number="5"/>
						<line hits="1" number="8"/>
						<line hits="1" number="13"/>
						<line hits="1" number="14"/>
						<line hits="1" number="16"/>
						<line hits="1" number="17"/>
						<line hits="1" number="19"/>
						<line hits="1" number="21"/>
						<line hits="1" number="22"/>
						<line hits="1" number="24"/>
						<line hits="1" number="25"/>
						<line hits="1" number="27"/>
						<line hits="1" number="30"/>
						<line hits="1" number="36"/>
						<line hits="1" number="44"/>
						<line hits="1" number="45"/>
						<line hits="1" number="46"/>
						<line hits="1" number="49"/>
						<line hits="1" number="62"/>
						<line hits="1" number="63"/>
						<line hits="1" number="66"/>
						<line hits="1" number="67"/>
						<line hits="1" number="68"/>
						<line hits="1" number="71"/>
						<line hits="1" number="72"/>
						<line hits="1" number="73"/>
						<line hits="1" number="74"/>
						<line hits="1" number="77"/>
						<line hits="1" number="78"/>
						<line hits="1" number="79"/>
						<line hits="1" number="80"/>
					</lines>
				</class>
				<class branch-rate="0" complexity="0" filename="test/runs_test.py" line-rate="1" name="runs_test.py">
					<methods/>
					<lines>
						<line hits="1" number="5"/>
						<line hits="1" number="7"/>
						<line hits="1" number="10"/>
						<line hits="1" number="15"/>
						<line hits="1" number="17"/>
						<line hits="1" number="18"/>
						<line hits="1" number="20"/>
						<line hits="1" number="21"/>
						<line hits="1" number="23"/>
						<line hits="1" number="24"/>
						<line hits="1" number="26"/>
						<line hits="1" number="27"/>
						<line hits="1" number="30"/>
						<line hits="1" number="32"/>
						<line hits="1" number="40"/>
						<line hits="1" number="41"/>
						<line hits="1" number="43"/>
						<line hits="1" number="44"/>
						<line hits="1" number="45"/>
						<line hits="1" number="47"/>
						<line hits="1" number="53"/>
						<line hits="1" number="54"/>
						<line hits="1" number="55"/>
						<line hits="1" number="58"/>
						<line hits="1" number="59"/>
						<line hits="1" number="60"/>
						<line hits="1" number="61"/>
						<line hits="1" number="62"/>
						<line hits="1" number="63"/>
						<line hits="1" number="65"/>
						<line hits="1" number="67"/>
						<line hits="1" number="69"/>
						<line hits="1" number="73"/>
						<line hits="1" number="76"/>
						<line hits="1" number="77"/>
						<line hits="1" number="78"/>
						<line hits="1" number="79"/>
						<line hits="1" number="80"/>
						<line hits="1" number="81"/>
						<line hits="1" number="84"/>
						<line hits="1" number="90"/>
						<line hits="1" number="91"/>
						<line hits="1" number="92"/>
						<line hits="1" number="94"/>
						<line hits="1" number="95"/>
						<line hits="1" number="97"/>
						<line hits="1" number="98"/>
						<line hits="1" number="99"/>
						<line hits="1" number="100"/>
						<line hits="1" number="101"/>
						<line hits="1" number="104"/>
						<line hits="1" number="105"/>
						<line hits="1" number="106"/>
						<line hits="1" number="107"/>
						<line hits="1" number="109"/>
						<line hits="1" number="110"/>
						<line hits="1" number="113"/>
						<line hits="1" number="119"/>
						<line hits="1" number="120"/>
						<line hits="1" number="121"/>
						<line hits="1" number="123"/>
						<line hits="1" number="124"/>
						<line hits="1" number="127"/>
						<line hits="1" number="128"/>
						<line hits="1" number="129"/>
						<line hits="1" number="132"/>
						<line hits="1" number="133"/>
						<line hits="1" number="134"/>
						<line hits="1" number="135"/>
						<line hits="1" number="137"/>
						<line hits="1" number="138"/>
					</lines>
				</class>
				<class branch-rate="0" complexity="0" filename="test/ssh_keys_test.py" line-rate="1" name="ssh_keys_test.py">
					<methods/>
					<lines>
						<line hits="1" number="5"/>
						<line hits="1" number="8"/>
						<line hits="1" number="13"/>
						<line hits="1" number="19"/>
						<line hits="1" number="20"/>
						<line hits="1" number="21"/>
						<line hits="1" number="24"/>
						<line hits="1" number="25"/>
						<line hits="1" number="26"/>
						<line hits="1" number="27"/>
						<line hits="1" number="30"/>
						<line hits="1" number="31"/>
						<line hits="1" number="32"/>
						<line hits="1" number="35"/>
						<line hits="1" number="36"/>
						<line hits="1" number="37"/>
						<line hits="1" number="38"/>
						<line hits="1" number="41"/>
						<line hits="1" number="42"/>
						<line hits="1" number="49"/>
						<line hits="1" number="50"/>
						<line hits="1" number="51"/>
						<line hits="1" number="52"/>
						<line hits="1" number="55"/>
						<line hits="1" number="58"/>
						<line hits="1" number="59"/>
						<line hits="1" number="60"/>
					</lines>
				</class>
				<class branch-rate="0" complexity="0" filename="test/state_versions_outputs_test.py" line-rate="1" name="state_versions_outputs_test.py">
					<methods/>
					<lines>
						<line hits="1" number="5"/>
						<line hits="1" number="8"/>
						<line hits="1" number="13"/>
						<line hits="1" number="14"/>
						<line hits="1" number="15"/>
						<line hits="1" number="17"/>
						<line hits="1" number="19"/>
						<line hits="1" number="21"/>
						<line hits="1" number="23"/>
						<line hits="1" number="27"/>
						<line hits="1" number="28"/>
						<line hits="1" number="29"/>
						<line hits="1" number="31"/>
						<line hits="1" number="33"/>
						<line hits="1" number="34"/>
						<line hits="1" number="35"/>
						<line hits="1" number="38"/>
						<line hits="1" number="39"/>
						<line hits="1" number="40"/>
						<line hits="1" number="42"/>
						<line hits="1" number="46"/>
						<line hits="1" number="56"/>
						<line hits="1" number="57"/>
						<line hits="1" number="59"/>
						<line hits="1" number="60"/>
						<line hits="1" number="62"/>
						<line hits="1" number="64"/>
						<line hits="1" number="65"/>
						<line hits="1" number="66"/>
						<line hits="1" number="68"/>
						<line hits="1" number="69"/>
						<line hits="1" number="70"/>
						<line hits="1" number="71"/>
						<line hits="1" number="73"/>
					</lines>
				</class>
				<class branch-rate="0" complexity="0" filename="test/state_versions_test.py" line-rate="1" name="state_versions_test.py">
					<methods/>
					<lines>
						<line hits="1" number="5"/>
						<line hits="1" number="8"/>
						<line hits="1" number="13"/>
						<line hits="1" number="14"/>
						<line hits="1" number="15"/>
						<line hits="1" number="17"/>
						<line hits="1" number="19"/>
						<line hits="1" number="21"/>
						<line hits="1" number="24"/>
						<line hits="1" number="28"/>
						<line hits="1" number="29"/>
						<line hits="1" number="30"/>
						<line hits="1" number="32"/>
						<line hits="1" number="34"/>
						<line hits="1" number="35"/>
						<line hits="1" number="36"/>
						<line hits="1" number="39"/>
						<line hits="1" number="40"/>
						<line hits="1" number="41"/>
						<line hits="1" number="43"/>
						<line hits="1" number="48"/>
						<line hits="1" number="58"/>
						<line hits="1" number="59"/>
						<line hits="1" number="60"/>
						<line hits="1" number="62"/>
						<line hits="1" number="63"/>
						<line hits="1" number="65"/>
						<line hits="1" number="67"/>
						<line hits="1" number="68"/>
						<line hits="1" number="70"/>
						<line hits="1" number="71"/>
						<line hits="1" number="72"/>
						<line hits="1" number="74"/>
						<line hits="1" number="76"/>
						<line hits="1" number="77"/>
					</lines>
				</class>
				<class branch-rate="0" complexity="0" filename="test/team_access_test.py" line-rate="1" name="team_access_test.py">
					<methods/>
					<lines>
						<line hits="1" number="5"/>
						<line hits="1" number="8"/>
						<line hits="1" number="13"/>
						<line hits="1" number="15"/>
						<line hits="1" number="17"/>
						<line hits="1" number="20"/>
						<line hits="1" number="21"/>
						<line hits="1" number="22"/>
						<line hits="1" number="26"/>
						<line hits="1" number="28"/>
						<line hits="1" number="29"/>
						<line hits="1" number="31"/>
						<line hits="1" number="33"/>
						<line hits="1" number="34"/>
						<line hits="1" number="35"/>
						<line hits="1" number="37"/>
						<line hits="1" number="42"/>
						<line hits="1" number="64"/>
						<line hits="1" number="65"/>
						<line hits="1" number="67"/>
						<line hits="1" number="69"/>
						<line hits="1" number="70"/>
						<line hits="1" number="71"/>
						<line hits="1" number="73"/>
						<line hits="1" number="74"/>
						<line hits="1" number="75"/>
						<line hits="1" number="76"/>
					</lines>
				</class>
				<class branch-rate="0" complexity="0" filename="test/team_memberships_test.py" line-rate="1" name="team_memberships_test.py">
					<methods/>
					<lines>
						<line hits="1" number="5"/>
						<line hits="1" number="8"/>
						<line hits="1" number="13"/>
						<line hits="1" number="15"/>
						<line hits="1" number="16"/>
						<line hits="1" number="17"/>
						<line hits="1" number="18"/>
						<line hits="1" number="19"/>
						<line hits="1" number="20"/>
						<line hits="1" number="22"/>
						<line hits="1" number="23"/>
						<line hits="1" number="25"/>
						<line hits="1" number="30"/>
						<line hits="1" number="40"/>
						<line hits="1" number="45"/>
					</lines>
				</class>
				<class branch-rate="0" complexity="0" filename="test/team_tokens_test.py" line-rate="1" name="team_tokens_test.py">
					<methods/>
					<lines>
						<line hits="1" number="5"/>
						<line hits="1" number="8"/>
						<line hits="1" number="13"/>
						<line hits="1" number="14"/>
						<line hits="1" number="16"/>
						<line hits="1" number="18"/>
						<line hits="1" number="19"/>
						<line hits="1" number="21"/>
						<line hits="1" number="27"/>
						<line hits="1" number="28"/>
						<line hits="1" number="31"/>
					</lines>
				</class>
				<class branch-rate="0" complexity="0" filename="test/teams_test.py" line-rate="1" name="teams_test.py">
					<methods/>
					<lines>
						<line hits="1" number="5"/>
						<line hits="1" number="8"/>
						<line hits="1" number="13"/>
						<line hits="1" number="18"/>
						<line hits="1" number="19"/>
						<line hits="1" number="21"/>
						<line hits="1" number="23"/>
						<line hits="1" number="24"/>
						<line hits="1" number="25"/>
						<line hits="1" number="27"/>
						<line hits="1" number="28"/>
						<line hits="1" number="30"/>
						<line hits="1" number="31"/>
						<line hits="1" number="32"/>
					</lines>
				</class>
				<class branch-rate="0" complexity="0" filename="test/user_tokens_test.py" line-rate="1" name="user_tokens_test.py">
					<methods/>
					<lines>
						<line hits="1" number="5"/>
						<line hits="1" number="8"/>
						<line hits="1" number="13"/>
					</lines>
				</class>
				<class branch-rate="0" complexity="0" filename="test/users_test.py" line-rate="1" name="users_test.py">
					<methods/>
					<lines>
						<line hits="1" number="5"/>
						<line hits="1" number="8"/>
						<line hits="1" number="13"/>
						<line hits="1" number="20"/>
						<line hits="1" number="27"/>
						<line hits="1" number="39"/>
						<line hits="1" number="52"/>
						<line hits="1" number="58"/>
					</lines>
				</class>
				<class branch-rate="0" complexity="0" filename="test/variables_test.py" line-rate="1" name="variables_test.py">
					<methods/>
					<lines>
						<line hits="1" number="5"/>
						<line hits="1" number="8"/>
						<line hits="1" number="13"/>
						<line hits="1" number="14"/>
						<line hits="1" number="16"/>
						<line hits="1" number="17"/>
						<line hits="1" number="18"/>
						<line hits="1" number="19"/>
						<line hits="1" number="21"/>
						<line hits="1" number="22"/>
						<line hits="1" number="25"/>
						<line hits="1" number="30"/>
						<line hits="1" number="34"/>
						<line hits="1" number="35"/>
						<line hits="1" number="36"/>
						<line hits="1" number="38"/>
						<line hits="1" number="41"/>
						<line hits="1" number="42"/>
						<line hits="1" number="43"/>
						<line hits="1" number="46"/>
						<line hits="1" number="47"/>
						<line hits="1" number="60"/>
						<line hits="1" number="62"/>
						<line hits="1" number="66"/>
						<line hits="1" number="67"/>
						<line hits="1" number="68"/>
					</lines>
				</class>
				<class branch-rate="0" complexity="0" filename="test/workspaces_test.py" line-rate="1" name="workspaces_test.py">
					<methods/>
					<lines>
						<line hits="1" number="5"/>
						<line hits="1" number="8"/>
						<line hits="1" number="13"/>
						<line hits="1" number="19"/>
						<line hits="1" number="20"/>
						<line hits="1" number="22"/>
						<line hits="1" number="23"/>
						<line hits="1" number="26"/>
						<line hits="1" number="28"/>
						<line hits="1" number="29"/>
						<line hits="1" number="32"/>
						<line hits="1" number="38"/>
						<line hits="1" number="40"/>
						<line hits="1" number="43"/>
						<line hits="1" number="44"/>
						<line hits="1" number="45"/>
						<line hits="1" number="46"/>
						<line hits="1" number="49"/>
						<line hits="1" number="53"/>
						<line hits="1" number="54"/>
						<line hits="1" number="55"/>
						<line hits="1" number="56"/>
						<line hits="1" number="57"/>
						<line hits="1" number="59"/>
						<line hits="1" number="65"/>
						<line hits="1" number="67"/>
						<line hits="1" number="70"/>
						<line hits="1" number="72"/>
						<line hits="1" number="75"/>
						<line hits="1" number="76"/>
						<line hits="1" number="79"/>
						<line hits="1" number="81"/>
						<line hits="1" number="84"/>
						<line hits="1" number="85"/>
						<line hits="1" number="88"/>
						<line hits="1" number="90"/>
						<line hits="1" number="96"/>
						<line hits="1" number="100"/>
						<line hits="1" number="101"/>
						<line hits="1" number="102"/>
						<line hits="1" number="105"/>
						<line hits="1" number="106"/>
						<line hits="1" number="107"/>
						<line hits="1" number="111"/>
						<line hits="1" number="113"/>
						<line hits="1" number="119"/>
						<line hits="1" number="123"/>
						<line hits="1" number="124"/>
						<line hits="1" number="125"/>
						<line hits="1" number="133"/>
						<line hits="1" number="134"/>
						<line hits="1" number="138"/>
					</lines>
				</class>
			</classes>
		</package>
	</packages>
</coverage>
